c:\users\2431106\documents\code\dev_jeux\labo1jeuxvid\lab1\lab1\x64\debug\vc143.pdb
c:\users\2431106\documents\code\dev_jeux\labo1jeuxvid\lab1\lab1\x64\debug\vc143.idb
c:\users\2431106\documents\code\dev_jeux\labo1jeuxvid\lab1\lab1\x64\debug\vaisseautransport.obj
c:\users\2431106\documents\code\dev_jeux\labo1jeuxvid\lab1\lab1\x64\debug\vaisseauguerre.obj
c:\users\2431106\documents\code\dev_jeux\labo1jeuxvid\lab1\lab1\x64\debug\vaisseaudecouverte.obj
c:\users\2431106\documents\code\dev_jeux\labo1jeuxvid\lab1\lab1\x64\debug\vaisseau.obj
c:\users\2431106\documents\code\dev_jeux\labo1jeuxvid\lab1\lab1\x64\debug\lab1.obj
c:\users\2431106\documents\code\dev_jeux\labo1jeuxvid\lab1\lab1\x64\debug\factory.obj
c:\users\2431106\documents\code\dev_jeux\labo1jeuxvid\lab1\lab1\x64\debug\factionrouge.obj
c:\users\2431106\documents\code\dev_jeux\labo1jeuxvid\lab1\lab1\x64\debug\factionbleue.obj
c:\users\2431106\documents\code\dev_jeux\labo1jeuxvid\lab1\lab1\x64\debug\faction.obj
c:\users\2431106\documents\code\dev_jeux\labo1jeuxvid\lab1\lab1\x64\debug\station.obj
c:\users\2431106\documents\code\dev_jeux\labo1jeuxvid\lab1\x64\debug\lab1.exe
c:\users\2431106\documents\code\dev_jeux\labo1jeuxvid\lab1\x64\debug\lab1.pdb
c:\users\2431106\documents\code\dev_jeux\labo1jeuxvid\lab1\lab1\x64\debug\lab1.ilk
c:\users\2431106\documents\code\dev_jeux\labo1jeuxvid\lab1\lab1\x64\debug\lab1.tlog\cl.command.1.tlog
c:\users\2431106\documents\code\dev_jeux\labo1jeuxvid\lab1\lab1\x64\debug\lab1.tlog\cl.items.tlog
c:\users\2431106\documents\code\dev_jeux\labo1jeuxvid\lab1\lab1\x64\debug\lab1.tlog\cl.read.1.tlog
c:\users\2431106\documents\code\dev_jeux\labo1jeuxvid\lab1\lab1\x64\debug\lab1.tlog\cl.write.1.tlog
c:\users\2431106\documents\code\dev_jeux\labo1jeuxvid\lab1\lab1\x64\debug\lab1.tlog\link.command.1.tlog
c:\users\2431106\documents\code\dev_jeux\labo1jeuxvid\lab1\lab1\x64\debug\lab1.tlog\link.read.1.tlog
c:\users\2431106\documents\code\dev_jeux\labo1jeuxvid\lab1\lab1\x64\debug\lab1.tlog\link.secondary.1.tlog
c:\users\2431106\documents\code\dev_jeux\labo1jeuxvid\lab1\lab1\x64\debug\lab1.tlog\link.write.1.tlog
